<?xml version="1.0" encoding="UTF-8"?>
<testng-results ignored="0" total="1" passed="1" failed="0" skipped="0">
  <reporter-output>
  </reporter-output>
  <suite started-at="2023-12-08T10:01:21 IST" name="Suite" finished-at="2023-12-08T10:01:31 IST" duration-ms="9943">
    <groups>
    </groups>
    <test started-at="2023-12-08T10:01:21 IST" name="Test" finished-at="2023-12-08T10:01:31 IST" duration-ms="9943">
      <class name="fbLogin.ParameterizedLogin">
        <test-method signature="login(java.lang.String,java.lang.String)[pri:0, instance:fbLogin.ParameterizedLogin@5b239d7d]" started-at="2023-12-08T10:01:21 IST" name="login" finished-at="2023-12-08T10:01:31 IST" duration-ms="9810" status="PASS">
          <params>
            <param index="0">
              <value>
                <![CDATA[abc@gmail.com]]>
              </value>
            </param>
            <param index="1">
              <value>
                <![CDATA[abc123]]>
              </value>
            </param>
          </params>
          <reporter-output>
          </reporter-output>
        </test-method> <!-- login -->
      </class> <!-- fbLogin.ParameterizedLogin -->
    </test> <!-- Test -->
  </suite> <!-- Suite -->
</testng-results>
